<?xml version="1.0" encoding="UTF-8"?>
<!-- Generated by org.testng.reporters.JUnitReportReporter -->
<testsuite hostname="DESKTOP-N5690J3" failures="0" tests="2" name="com.demoqa.tests.elementstests.RadioButtonTests" time="308.407" errors="0" timestamp="2023-06-27T19:52:22 IST" skipped="0">
  <testcase classname="com.demoqa.tests.elementstests.RadioButtonTests" name="testSelectedYesButton" time="144.221"/>
  <system-out/>
  <testcase classname="com.demoqa.tests.elementstests.RadioButtonTests" name="testSelectedImpressiveButton" time="164.186"/>
  <system-out/>
</testsuite> <!-- com.demoqa.tests.elementstests.RadioButtonTests -->
