<?xml version="1.0" encoding="UTF-8"?>
<!-- Generated by org.testng.reporters.JUnitReportReporter -->
<testsuite hostname="DESKTOP-N5690J3" failures="0" tests="2" name="com.demoqa.tests.widgetstests.DatePickerTests" time="112.591" errors="0" timestamp="2023-06-30T00:02:04 IST" skipped="0">
  <testcase classname="com.demoqa.tests.widgetstests.DatePickerTests" name="datePickerPageTest" time="51.071"/>
  <system-out/>
  <testcase classname="com.demoqa.tests.widgetstests.DatePickerTests" name="datePickerTest2" time="61.520"/>
  <system-out/>
</testsuite> <!-- com.demoqa.tests.widgetstests.DatePickerTests -->
