<?xml version="1.0" encoding="UTF-8"?>
<!-- Generated by org.testng.reporters.JUnitReportReporter -->
<testsuite hostname="DESKTOP-N5690J3" failures="0" tests="1" name="com.demoqa.tests.elementstests.CheckBoxTests" time="146.752" errors="0" timestamp="2023-06-27T21:11:59 IST" skipped="0">
  <testcase classname="com.demoqa.tests.elementstests.CheckBoxTests" name="testCheckBoxExpansion" time="146.752"/>
  <system-out/>
</testsuite> <!-- com.demoqa.tests.elementstests.CheckBoxTests -->
